2020-07-23T04:12:29+00:00 CRITICAL Maximum execution time of 30 seconds exceeded in /Users/amoryac/Documents/Work/hwasr/wp-includes/wp-db.php on line 2007

2020-07-23T06:22:14+00:00 CRITICAL Uncaught Error: Call to undefined function rwmb_request() in /Users/amoryac/Documents/Work/hwasr/wp-content/plugins/auto-listings/src/SearchForm/Editor.php:26
Stack trace:
#0 /Users/amoryac/Documents/Work/hwasr/wp-includes/class-wp-hook.php(286): AutoListings\SearchForm\Editor->register_meta_boxes(Array)
#1 /Users/amoryac/Documents/Work/hwasr/wp-includes/plugin.php(208): WP_Hook->apply_filters(Array, Array)
#2 /Users/amoryac/Documents/Work/hwasr/wp-content/plugins/carbonick-core/includes/meta-box/inc/core.php(50): apply_filters('rwmb_meta_boxes', Array)
#3 /Users/amoryac/Documents/Work/hwasr/wp-includes/class-wp-hook.php(286): RWMB_Core->register_meta_boxes('')
#4 /Users/amoryac/Documents/Work/hwasr/wp-includes/class-wp-hook.php(310): WP_Hook->apply_filters(NULL, Array)
#5 /Users/amoryac/Documents/Work/hwasr/wp-includes/plugin.php(465): WP_Hook->do_action(Array)
#6 /Users/amoryac/Documents/Work/hwasr/wp-settings.php(525): do_action('init')
#7 /Users/amoryac/Documents/Work/hwasr/wp-config.php(90): require_once in /Users/amoryac/Documents/Work/hwasr/wp-content/plugins/auto-listings/src/SearchForm/Editor.php on line 26

2020-07-23T06:22:22+00:00 CRITICAL Uncaught Error: Call to undefined function rwmb_request() in /Users/amoryac/Documents/Work/hwasr/wp-content/plugins/auto-listings/src/SearchForm/Editor.php:26
Stack trace:
#0 /Users/amoryac/Documents/Work/hwasr/wp-includes/class-wp-hook.php(286): AutoListings\SearchForm\Editor->register_meta_boxes(Array)
#1 /Users/amoryac/Documents/Work/hwasr/wp-includes/plugin.php(208): WP_Hook->apply_filters(Array, Array)
#2 /Users/amoryac/Documents/Work/hwasr/wp-content/plugins/carbonick-core/includes/meta-box/inc/core.php(50): apply_filters('rwmb_meta_boxes', Array)
#3 /Users/amoryac/Documents/Work/hwasr/wp-includes/class-wp-hook.php(286): RWMB_Core->register_meta_boxes('')
#4 /Users/amoryac/Documents/Work/hwasr/wp-includes/class-wp-hook.php(310): WP_Hook->apply_filters(NULL, Array)
#5 /Users/amoryac/Documents/Work/hwasr/wp-includes/plugin.php(465): WP_Hook->do_action(Array)
#6 /Users/amoryac/Documents/Work/hwasr/wp-settings.php(525): do_action('init')
#7 /Users/amoryac/Documents/Work/hwasr/wp-config.php(90): require_once in /Users/amoryac/Documents/Work/hwasr/wp-content/plugins/auto-listings/src/SearchForm/Editor.php on line 26

2020-07-23T06:22:31+00:00 CRITICAL Uncaught Error: Call to undefined function rwmb_request() in /Users/amoryac/Documents/Work/hwasr/wp-content/plugins/auto-listings/src/SearchForm/Editor.php:26
Stack trace:
#0 /Users/amoryac/Documents/Work/hwasr/wp-includes/class-wp-hook.php(286): AutoListings\SearchForm\Editor->register_meta_boxes(Array)
#1 /Users/amoryac/Documents/Work/hwasr/wp-includes/plugin.php(208): WP_Hook->apply_filters(Array, Array)
#2 /Users/amoryac/Documents/Work/hwasr/wp-content/plugins/carbonick-core/includes/meta-box/inc/core.php(50): apply_filters('rwmb_meta_boxes', Array)
#3 /Users/amoryac/Documents/Work/hwasr/wp-includes/class-wp-hook.php(286): RWMB_Core->register_meta_boxes('')
#4 /Users/amoryac/Documents/Work/hwasr/wp-includes/class-wp-hook.php(310): WP_Hook->apply_filters(NULL, Array)
#5 /Users/amoryac/Documents/Work/hwasr/wp-includes/plugin.php(465): WP_Hook->do_action(Array)
#6 /Users/amoryac/Documents/Work/hwasr/wp-settings.php(525): do_action('init')
#7 /Users/amoryac/Documents/Work/hwasr/wp-config.php(90): require_once in /Users/amoryac/Documents/Work/hwasr/wp-content/plugins/auto-listings/src/SearchForm/Editor.php on line 26

2020-07-23T06:22:52+00:00 CRITICAL Uncaught Error: Call to undefined function rwmb_request() in /Users/amoryac/Documents/Work/hwasr/wp-content/plugins/auto-listings/src/SearchForm/Editor.php:26
Stack trace:
#0 /Users/amoryac/Documents/Work/hwasr/wp-includes/class-wp-hook.php(286): AutoListings\SearchForm\Editor->register_meta_boxes(Array)
#1 /Users/amoryac/Documents/Work/hwasr/wp-includes/plugin.php(208): WP_Hook->apply_filters(Array, Array)
#2 /Users/amoryac/Documents/Work/hwasr/wp-content/plugins/carbonick-core/includes/meta-box/inc/core.php(50): apply_filters('rwmb_meta_boxes', Array)
#3 /Users/amoryac/Documents/Work/hwasr/wp-includes/class-wp-hook.php(286): RWMB_Core->register_meta_boxes('')
#4 /Users/amoryac/Documents/Work/hwasr/wp-includes/class-wp-hook.php(310): WP_Hook->apply_filters(NULL, Array)
#5 /Users/amoryac/Documents/Work/hwasr/wp-includes/plugin.php(465): WP_Hook->do_action(Array)
#6 /Users/amoryac/Documents/Work/hwasr/wp-settings.php(525): do_action('init')
#7 /Users/amoryac/Documents/Work/hwasr/wp-config.php(90): require_once in /Users/amoryac/Documents/Work/hwasr/wp-content/plugins/auto-listings/src/SearchForm/Editor.php on line 26

2020-07-23T06:23:06+00:00 CRITICAL Uncaught Error: Call to undefined function rwmb_request() in /Users/amoryac/Documents/Work/hwasr/wp-content/plugins/auto-listings/src/SearchForm/Editor.php:26
Stack trace:
#0 /Users/amoryac/Documents/Work/hwasr/wp-includes/class-wp-hook.php(286): AutoListings\SearchForm\Editor->register_meta_boxes(Array)
#1 /Users/amoryac/Documents/Work/hwasr/wp-includes/plugin.php(208): WP_Hook->apply_filters(Array, Array)
#2 /Users/amoryac/Documents/Work/hwasr/wp-content/plugins/carbonick-core/includes/meta-box/inc/core.php(50): apply_filters('rwmb_meta_boxes', Array)
#3 /Users/amoryac/Documents/Work/hwasr/wp-includes/class-wp-hook.php(286): RWMB_Core->register_meta_boxes('')
#4 /Users/amoryac/Documents/Work/hwasr/wp-includes/class-wp-hook.php(310): WP_Hook->apply_filters(NULL, Array)
#5 /Users/amoryac/Documents/Work/hwasr/wp-includes/plugin.php(465): WP_Hook->do_action(Array)
#6 /Users/amoryac/Documents/Work/hwasr/wp-settings.php(525): do_action('init')
#7 /Users/amoryac/Documents/Work/hwasr/wp-config.php(90): require_once in /Users/amoryac/Documents/Work/hwasr/wp-content/plugins/auto-listings/src/SearchForm/Editor.php on line 26

2020-07-23T06:24:11+00:00 CRITICAL Uncaught Error: Call to undefined function rwmb_request() in /Users/amoryac/Documents/Work/hwasr/wp-content/plugins/auto-listings/src/SearchForm/Editor.php:26
Stack trace:
#0 /Users/amoryac/Documents/Work/hwasr/wp-includes/class-wp-hook.php(286): AutoListings\SearchForm\Editor->register_meta_boxes(Array)
#1 /Users/amoryac/Documents/Work/hwasr/wp-includes/plugin.php(208): WP_Hook->apply_filters(Array, Array)
#2 /Users/amoryac/Documents/Work/hwasr/wp-content/plugins/carbonick-core/includes/meta-box/inc/core.php(50): apply_filters('rwmb_meta_boxes', Array)
#3 /Users/amoryac/Documents/Work/hwasr/wp-includes/class-wp-hook.php(286): RWMB_Core->register_meta_boxes('')
#4 /Users/amoryac/Documents/Work/hwasr/wp-includes/class-wp-hook.php(310): WP_Hook->apply_filters(NULL, Array)
#5 /Users/amoryac/Documents/Work/hwasr/wp-includes/plugin.php(465): WP_Hook->do_action(Array)
#6 /Users/amoryac/Documents/Work/hwasr/wp-settings.php(525): do_action('init')
#7 /Users/amoryac/Documents/Work/hwasr/wp-config.php(90): require_once in /Users/amoryac/Documents/Work/hwasr/wp-content/plugins/auto-listings/src/SearchForm/Editor.php on line 26

